d:\github\snu-sunday\snuc\psnuc\psnuc_control\psnuc_control\x64\release\setservoscreen.obj
d:\github\snu-sunday\snuc\psnuc\psnuc_control\psnuc_control\x64\release\moc_psnuc_control.obj
d:\github\snu-sunday\snuc\psnuc\psnuc_control\psnuc_control\x64\release\psnuc_control.obj
d:\github\snu-sunday\snuc\psnuc\psnuc_control\psnuc_control\x64\release\main.obj
d:\github\snu-sunday\snuc\psnuc\psnuc_control\psnuc_control\x64\release\setddscreen.obj
d:\github\snu-sunday\snuc\psnuc\psnuc_control\psnuc_control\x64\release\moc_setservoscreen.obj
d:\github\snu-sunday\snuc\psnuc\psnuc_control\psnuc_control\x64\release\qrc_psnuc_control.obj
d:\github\snu-sunday\snuc\psnuc\psnuc_control\psnuc_control\x64\release\viewplotscreen.obj
d:\github\snu-sunday\snuc\psnuc\psnuc_control\psnuc_control\x64\release\moc_viewplotscreen.obj
d:\github\snu-sunday\snuc\psnuc\psnuc_control\psnuc_control\x64\release\moc_setddscreen.obj
d:\github\snu-sunday\snuc\psnuc\psnuc_control\x64\release\psnuc_control.exe
d:\github\snu-sunday\snuc\psnuc\psnuc_control\psnuc_control\generatedfiles\release\moc_psnuc_control.cpp
d:\github\snu-sunday\snuc\psnuc\psnuc_control\psnuc_control\generatedfiles\release\moc_setservoscreen.cpp
d:\github\snu-sunday\snuc\psnuc\psnuc_control\psnuc_control\generatedfiles\release\moc_setddscreen.cpp
d:\github\snu-sunday\snuc\psnuc\psnuc_control\psnuc_control\generatedfiles\release\moc_viewplotscreen.cpp
d:\github\snu-sunday\snuc\psnuc\psnuc_control\psnuc_control\generatedfiles\qrc_psnuc_control.cpp
d:\github\snu-sunday\snuc\psnuc\psnuc_control\psnuc_control\generatedfiles\ui_psnuc_control.h
d:\github\snu-sunday\snuc\psnuc\psnuc_control\psnuc_control\generatedfiles\ui_viewplotscreen.h
d:\github\snu-sunday\snuc\psnuc\psnuc_control\psnuc_control\x64\release\psnuc_control.res
d:\github\snu-sunday\snuc\psnuc\psnuc_control\psnuc_control\x64\release\psnuc_control.tlog\cl.13952.write.1.tlog
d:\github\snu-sunday\snuc\psnuc\psnuc_control\psnuc_control\x64\release\psnuc_control.tlog\cl.command.1.tlog
d:\github\snu-sunday\snuc\psnuc\psnuc_control\psnuc_control\x64\release\psnuc_control.tlog\cl.read.1.tlog
d:\github\snu-sunday\snuc\psnuc\psnuc_control\psnuc_control\x64\release\psnuc_control.tlog\link.command.1.tlog
d:\github\snu-sunday\snuc\psnuc\psnuc_control\psnuc_control\x64\release\psnuc_control.tlog\link.read.1.tlog
d:\github\snu-sunday\snuc\psnuc\psnuc_control\psnuc_control\x64\release\psnuc_control.tlog\link.write.1.tlog
d:\github\snu-sunday\snuc\psnuc\psnuc_control\psnuc_control\x64\release\psnuc_control.tlog\psnuc_control.write.1u.tlog
d:\github\snu-sunday\snuc\psnuc\psnuc_control\psnuc_control\x64\release\psnuc_control.tlog\rc.command.1.tlog
d:\github\snu-sunday\snuc\psnuc\psnuc_control\psnuc_control\x64\release\psnuc_control.tlog\rc.read.1.tlog
d:\github\snu-sunday\snuc\psnuc\psnuc_control\psnuc_control\x64\release\psnuc_control.tlog\rc.write.1.tlog
